Determining if the pthread_create exist failed with the following output:
Change Dir: /home/divyanshi/turtlebot3_ws/catkin_ws/build_isolated/cartographer_rviz/CMakeFiles/CMakeTmp

Run Build Command:"/usr/bin/ninja" "cmTC_f80b6"
[1/2] Building C object CMakeFiles/cmTC_f80b6.dir/CheckSymbolExists.c.o
[2/2] Linking C executable cmTC_f80b6
FAILED: cmTC_f80b6 
: && /usr/bin/cc   -rdynamic CMakeFiles/cmTC_f80b6.dir/CheckSymbolExists.c.o  -o cmTC_f80b6   && :
CMakeFiles/cmTC_f80b6.dir/CheckSymbolExists.c.o: In function `main':
CheckSymbolExists.c:(.text+0x1b): undefined reference to `pthread_create'
collect2: error: ld returned 1 exit status
ninja: build stopped: subcommand failed.

File /home/divyanshi/turtlebot3_ws/catkin_ws/build_isolated/cartographer_rviz/CMakeFiles/CMakeTmp/CheckSymbolExists.c:
/* */
#include <pthread.h>

int main(int argc, char** argv)
{
  (void)argv;
#ifndef pthread_create
  return ((int*)(&pthread_create))[argc];
#else
  (void)argc;
  return 0;
#endif
}

Determining if the function pthread_create exists in the pthreads failed with the following output:
Change Dir: /home/divyanshi/turtlebot3_ws/catkin_ws/build_isolated/cartographer_rviz/CMakeFiles/CMakeTmp

Run Build Command:"/usr/bin/ninja" "cmTC_a2d61"
[1/2] Building C object CMakeFiles/cmTC_a2d61.dir/CheckFunctionExists.c.o
[2/2] Linking C executable cmTC_a2d61
FAILED: cmTC_a2d61 
: && /usr/bin/cc -DCHECK_FUNCTION_EXISTS=pthread_create  -rdynamic CMakeFiles/cmTC_a2d61.dir/CheckFunctionExists.c.o  -o cmTC_a2d61  -lpthreads && :
/usr/bin/ld: cannot find -lpthreads
collect2: error: ld returned 1 exit status
ninja: build stopped: subcommand failed.


