Determining if the pthread_create exist failed with the following output:
Change Dir: /home/divyanshi/turtlebot3_ws/catkin_ws/build_isolated/cartographer_ros_msgs/CMakeFiles/CMakeTmp

Run Build Command:"/usr/bin/ninja" "cmTC_3dd33"
[1/2] Building C object CMakeFiles/cmTC_3dd33.dir/CheckSymbolExists.c.o
[2/2] Linking C executable cmTC_3dd33
FAILED: cmTC_3dd33 
: && /usr/bin/cc   -rdynamic CMakeFiles/cmTC_3dd33.dir/CheckSymbolExists.c.o  -o cmTC_3dd33   && :
CMakeFiles/cmTC_3dd33.dir/CheckSymbolExists.c.o: In function `main':
CheckSymbolExists.c:(.text+0x1b): undefined reference to `pthread_create'
collect2: error: ld returned 1 exit status
ninja: build stopped: subcommand failed.

File /home/divyanshi/turtlebot3_ws/catkin_ws/build_isolated/cartographer_ros_msgs/CMakeFiles/CMakeTmp/CheckSymbolExists.c:
/* */
#include <pthread.h>

int main(int argc, char** argv)
{
  (void)argv;
#ifndef pthread_create
  return ((int*)(&pthread_create))[argc];
#else
  (void)argc;
  return 0;
#endif
}

Determining if the function pthread_create exists in the pthreads failed with the following output:
Change Dir: /home/divyanshi/turtlebot3_ws/catkin_ws/build_isolated/cartographer_ros_msgs/CMakeFiles/CMakeTmp

Run Build Command:"/usr/bin/ninja" "cmTC_717a7"
[1/2] Building C object CMakeFiles/cmTC_717a7.dir/CheckFunctionExists.c.o
[2/2] Linking C executable cmTC_717a7
FAILED: cmTC_717a7 
: && /usr/bin/cc -DCHECK_FUNCTION_EXISTS=pthread_create  -rdynamic CMakeFiles/cmTC_717a7.dir/CheckFunctionExists.c.o  -o cmTC_717a7  -lpthreads && :
/usr/bin/ld: cannot find -lpthreads
collect2: error: ld returned 1 exit status
ninja: build stopped: subcommand failed.


